<?xml version="1.0" encoding="UTF-8"?>
<!-- Generated by org.testng.reporters.JUnitReportReporter -->
<testsuite hostname="DESKTOP-RJOUL1P" failures="0" tests="1" name="shivamani.Appium.Swipe" time="11.267" errors="0" timestamp="2023-01-08T13:09:20 IST" skipped="0">
  <testcase classname="shivamani.Appium.Swipe" name="swipeIt" time="11.267"/>
  <system-out/>
</testsuite> <!-- shivamani.Appium.Swipe -->
