<?xml version="1.0" encoding="UTF-8"?>
<!-- Generated by org.testng.reporters.JUnitReportReporter -->
<testsuite hostname="DESKTOP-RJOUL1P" failures="0" tests="1" name="shivamani.Appium.LongPress" time="11.918" errors="0" timestamp="2023-01-08T12:03:23 IST" skipped="0">
  <testcase classname="shivamani.Appium.LongPress" name="createWiFiName" time="11.918"/>
  <system-out/>
</testsuite> <!-- shivamani.Appium.LongPress -->
