<?xml version="1.0" encoding="UTF-8"?>
<!-- Generated by org.testng.reporters.JUnitReportReporter -->
<testsuite hostname="DESKTOP-RJOUL1P" failures="0" tests="1" name="shivamani.Appium.Ecommerence_App_tc1" time="12.530" errors="0" timestamp="2023-01-11T11:20:54 IST" skipped="0">
  <testcase classname="shivamani.Appium.Ecommerence_App_tc1" name="loginPage" time="12.530"/>
  <system-out/>
</testsuite> <!-- shivamani.Appium.Ecommerence_App_tc1 -->
