<?xml version="1.0" encoding="UTF-8"?>
<!-- Generated by org.testng.reporters.JUnitReportReporter -->
<testsuite hostname="DESKTOP-RJOUL1P" failures="0" tests="1" name="shivamani.Appium.Ecommerence_App_tc2" time="28.130" errors="0" timestamp="2023-01-12T09:32:09 IST" skipped="0">
  <testcase classname="shivamani.Appium.Ecommerence_App_tc2" name="loginPage" time="28.130"/>
  <system-out/>
</testsuite> <!-- shivamani.Appium.Ecommerence_App_tc2 -->
