<?xml version="1.0" encoding="UTF-8"?>
<!-- Generated by org.testng.reporters.JUnitReportReporter -->
<testsuite hostname="DESKTOP-RJOUL1P" failures="0" tests="1" name="shivamani.Appium.Scroll" time="14.633" errors="0" timestamp="2023-01-08T12:29:01 IST" skipped="0">
  <testcase classname="shivamani.Appium.Scroll" name="scrollToElement" time="14.633"/>
  <system-out/>
</testsuite> <!-- shivamani.Appium.Scroll -->
