<?xml version="1.0" encoding="UTF-8"?>
<!-- Generated by org.testng.reporters.JUnitReportReporter -->
<testsuite hostname="DESKTOP-RJOUL1P" failures="0" tests="1" name="shivamani.Appium.MobileBrowserTest" time="36.079" errors="0" timestamp="2023-01-13T11:10:47 IST" skipped="0">
  <testcase classname="shivamani.Appium.MobileBrowserTest" name="browserTesting" time="36.079"/>
  <system-out/>
</testsuite> <!-- shivamani.Appium.MobileBrowserTest -->
